[master 1f3b12d] Mon Feb 22 23:13:45 2021
 1 file changed, 1 insertion(+), 1 deletion(-)
remote: Powered by [01;33mGITEE.COM [0m[[01;35mGNK-5.0[0m][0m        
To https://gitee.com/luskyqi/python-every-day.git
   e308000..1f3b12d  master -> master
Branch 'master' set up to track remote branch 'master' from 'origin'.
On branch master
Your branch is up to date with 'origin/master'.

nothing to commit, working tree clean
Everything up-to-date
Branch 'master' set up to track remote branch 'master' from 'origin'.
On branch master
Your branch is up to date with 'origin/master'.

nothing to commit, working tree clean
Everything up-to-date
Branch 'master' set up to track remote branch 'master' from 'origin'.
On branch master
Your branch is up to date with 'origin/master'.

nothing to commit, working tree clean
Everything up-to-date
Branch 'master' set up to track remote branch 'master' from 'origin'.
On branch master
Your branch is up to date with 'origin/master'.

nothing to commit, working tree clean
Everything up-to-date
Branch 'master' set up to track remote branch 'master' from 'origin'.
On branch master
Your branch is up to date with 'origin/master'.

nothing to commit, working tree clean
Everything up-to-date
Branch 'master' set up to track remote branch 'master' from 'origin'.
On branch master
Your branch is up to date with 'origin/master'.

nothing to commit, working tree clean
Everything up-to-date
Branch 'master' set up to track remote branch 'master' from 'origin'.
On branch master
Your branch is up to date with 'origin/master'.

nothing to commit, working tree clean
Everything up-to-date
Branch 'master' set up to track remote branch 'master' from 'origin'.
On branch master
Your branch is up to date with 'origin/master'.

nothing to commit, working tree clean
Everything up-to-date
Branch 'master' set up to track remote branch 'master' from 'origin'.
On branch master
Your branch is up to date with 'origin/master'.

nothing to commit, working tree clean
Everything up-to-date
Branch 'master' set up to track remote branch 'master' from 'origin'.
On branch master
Your branch is up to date with 'origin/master'.

nothing to commit, working tree clean
Everything up-to-date
Branch 'master' set up to track remote branch 'master' from 'origin'.
On branch master
Your branch is up to date with 'origin/master'.

nothing to commit, working tree clean
Everything up-to-date
Branch 'master' set up to track remote branch 'master' from 'origin'.
On branch master
Your branch is up to date with 'origin/master'.

nothing to commit, working tree clean
Everything up-to-date
Branch 'master' set up to track remote branch 'master' from 'origin'.
On branch master
Your branch is up to date with 'origin/master'.

nothing to commit, working tree clean
Everything up-to-date
Branch 'master' set up to track remote branch 'master' from 'origin'.
On branch master
Your branch is up to date with 'origin/master'.

nothing to commit, working tree clean
Everything up-to-date
Branch 'master' set up to track remote branch 'master' from 'origin'.
On branch master
Your branch is up to date with 'origin/master'.

nothing to commit, working tree clean
Everything up-to-date
Branch 'master' set up to track remote branch 'master' from 'origin'.
On branch master
Your branch is up to date with 'origin/master'.

nothing to commit, working tree clean
Everything up-to-date
Branch 'master' set up to track remote branch 'master' from 'origin'.
On branch master
Your branch is up to date with 'origin/master'.

nothing to commit, working tree clean
Everything up-to-date
Branch 'master' set up to track remote branch 'master' from 'origin'.
On branch master
Your branch is up to date with 'origin/master'.

nothing to commit, working tree clean
Everything up-to-date
Branch 'master' set up to track remote branch 'master' from 'origin'.
On branch master
Your branch is up to date with 'origin/master'.

nothing to commit, working tree clean
Everything up-to-date
Branch 'master' set up to track remote branch 'master' from 'origin'.
On branch master
Your branch is up to date with 'origin/master'.

nothing to commit, working tree clean
Everything up-to-date
Branch 'master' set up to track remote branch 'master' from 'origin'.
On branch master
Your branch is up to date with 'origin/master'.

nothing to commit, working tree clean
Everything up-to-date
Branch 'master' set up to track remote branch 'master' from 'origin'.
On branch master
Your branch is up to date with 'origin/master'.

nothing to commit, working tree clean
Everything up-to-date
Branch 'master' set up to track remote branch 'master' from 'origin'.
On branch master
Your branch is up to date with 'origin/master'.

nothing to commit, working tree clean
Everything up-to-date
Branch 'master' set up to track remote branch 'master' from 'origin'.
On branch master
Your branch is up to date with 'origin/master'.

nothing to commit, working tree clean
Everything up-to-date
Branch 'master' set up to track remote branch 'master' from 'origin'.
On branch master
Your branch is up to date with 'origin/master'.

nothing to commit, working tree clean
Everything up-to-date
Branch 'master' set up to track remote branch 'master' from 'origin'.
On branch master
Your branch is up to date with 'origin/master'.

nothing to commit, working tree clean
Everything up-to-date
Branch 'master' set up to track remote branch 'master' from 'origin'.
On branch master
Your branch is up to date with 'origin/master'.

nothing to commit, working tree clean
Everything up-to-date
Branch 'master' set up to track remote branch 'master' from 'origin'.
On branch master
Your branch is up to date with 'origin/master'.

nothing to commit, working tree clean
Everything up-to-date
Branch 'master' set up to track remote branch 'master' from 'origin'.
On branch master
Your branch is up to date with 'origin/master'.

nothing to commit, working tree clean
Everything up-to-date
Branch 'master' set up to track remote branch 'master' from 'origin'.
On branch master
Your branch is up to date with 'origin/master'.

nothing to commit, working tree clean
Everything up-to-date
Branch 'master' set up to track remote branch 'master' from 'origin'.
On branch master
Your branch is up to date with 'origin/master'.

nothing to commit, working tree clean
Everything up-to-date
Branch 'master' set up to track remote branch 'master' from 'origin'.
On branch master
Your branch is up to date with 'origin/master'.

nothing to commit, working tree clean
Everything up-to-date
Branch 'master' set up to track remote branch 'master' from 'origin'.
On branch master
Your branch is up to date with 'origin/master'.

nothing to commit, working tree clean
Everything up-to-date
Branch 'master' set up to track remote branch 'master' from 'origin'.
On branch master
Your branch is up to date with 'origin/master'.

nothing to commit, working tree clean
Everything up-to-date
Branch 'master' set up to track remote branch 'master' from 'origin'.
On branch master
Your branch is up to date with 'origin/master'.

nothing to commit, working tree clean
Everything up-to-date
Branch 'master' set up to track remote branch 'master' from 'origin'.
On branch master
Your branch is up to date with 'origin/master'.

nothing to commit, working tree clean
Everything up-to-date
Branch 'master' set up to track remote branch 'master' from 'origin'.
On branch master
Your branch is up to date with 'origin/master'.

nothing to commit, working tree clean
Everything up-to-date
Branch 'master' set up to track remote branch 'master' from 'origin'.
On branch master
Your branch is up to date with 'origin/master'.

nothing to commit, working tree clean
Everything up-to-date
Branch 'master' set up to track remote branch 'master' from 'origin'.
On branch master
Your branch is up to date with 'origin/master'.

nothing to commit, working tree clean
Everything up-to-date
Branch 'master' set up to track remote branch 'master' from 'origin'.
On branch master
Your branch is up to date with 'origin/master'.

nothing to commit, working tree clean
Everything up-to-date
Branch 'master' set up to track remote branch 'master' from 'origin'.
On branch master
Your branch is up to date with 'origin/master'.

nothing to commit, working tree clean
Everything up-to-date
Branch 'master' set up to track remote branch 'master' from 'origin'.
On branch master
Your branch is up to date with 'origin/master'.

nothing to commit, working tree clean
Everything up-to-date
Branch 'master' set up to track remote branch 'master' from 'origin'.
On branch master
Your branch is up to date with 'origin/master'.

nothing to commit, working tree clean
Everything up-to-date
Branch 'master' set up to track remote branch 'master' from 'origin'.
On branch master
Your branch is up to date with 'origin/master'.

nothing to commit, working tree clean
Everything up-to-date
Branch 'master' set up to track remote branch 'master' from 'origin'.
On branch master
Your branch is up to date with 'origin/master'.

nothing to commit, working tree clean
Everything up-to-date
Branch 'master' set up to track remote branch 'master' from 'origin'.
[master a5f9ef0] Tue Feb 23 22:33:13 2021
 1 file changed, 3 insertions(+), 1 deletion(-)
remote: Powered by [01;33mGITEE.COM [0m[[01;35mGNK-5.0[0m][0m        
To https://gitee.com/luskyqi/python-every-day.git
   c395bdb..a5f9ef0  master -> master
Branch 'master' set up to track remote branch 'master' from 'origin'.
On branch master
Your branch is up to date with 'origin/master'.

nothing to commit, working tree clean
Everything up-to-date
Branch 'master' set up to track remote branch 'master' from 'origin'.
On branch master
Your branch is up to date with 'origin/master'.

nothing to commit, working tree clean
Everything up-to-date
Branch 'master' set up to track remote branch 'master' from 'origin'.
On branch master
Your branch is up to date with 'origin/master'.

nothing to commit, working tree clean
Everything up-to-date
Branch 'master' set up to track remote branch 'master' from 'origin'.
On branch master
Your branch is up to date with 'origin/master'.

nothing to commit, working tree clean
Everything up-to-date
Branch 'master' set up to track remote branch 'master' from 'origin'.
On branch master
Your branch is up to date with 'origin/master'.

nothing to commit, working tree clean
Everything up-to-date
Branch 'master' set up to track remote branch 'master' from 'origin'.
On branch master
Your branch is up to date with 'origin/master'.

nothing to commit, working tree clean
Everything up-to-date
Branch 'master' set up to track remote branch 'master' from 'origin'.
On branch master
Your branch is up to date with 'origin/master'.

nothing to commit, working tree clean
Everything up-to-date
Branch 'master' set up to track remote branch 'master' from 'origin'.
On branch master
Your branch is up to date with 'origin/master'.

nothing to commit, working tree clean
Everything up-to-date
Branch 'master' set up to track remote branch 'master' from 'origin'.
On branch master
Your branch is up to date with 'origin/master'.

nothing to commit, working tree clean
Everything up-to-date
Branch 'master' set up to track remote branch 'master' from 'origin'.
On branch master
Your branch is up to date with 'origin/master'.

nothing to commit, working tree clean
Everything up-to-date
Branch 'master' set up to track remote branch 'master' from 'origin'.
On branch master
Your branch is up to date with 'origin/master'.

nothing to commit, working tree clean
Everything up-to-date
Branch 'master' set up to track remote branch 'master' from 'origin'.
On branch master
Your branch is up to date with 'origin/master'.

nothing to commit, working tree clean
Everything up-to-date
Branch 'master' set up to track remote branch 'master' from 'origin'.
On branch master
Your branch is up to date with 'origin/master'.

nothing to commit, working tree clean
Everything up-to-date
Branch 'master' set up to track remote branch 'master' from 'origin'.
On branch master
Your branch is up to date with 'origin/master'.

nothing to commit, working tree clean
Everything up-to-date
Branch 'master' set up to track remote branch 'master' from 'origin'.
On branch master
Your branch is up to date with 'origin/master'.

nothing to commit, working tree clean
Everything up-to-date
Branch 'master' set up to track remote branch 'master' from 'origin'.
On branch master
Your branch is up to date with 'origin/master'.

nothing to commit, working tree clean
Everything up-to-date
Branch 'master' set up to track remote branch 'master' from 'origin'.
On branch master
Your branch is up to date with 'origin/master'.

nothing to commit, working tree clean
Everything up-to-date
Branch 'master' set up to track remote branch 'master' from 'origin'.
On branch master
Your branch is up to date with 'origin/master'.

nothing to commit, working tree clean
Everything up-to-date
Branch 'master' set up to track remote branch 'master' from 'origin'.
On branch master
Your branch is up to date with 'origin/master'.

nothing to commit, working tree clean
Everything up-to-date
Branch 'master' set up to track remote branch 'master' from 'origin'.
On branch master
Your branch is up to date with 'origin/master'.

nothing to commit, working tree clean
Everything up-to-date
Branch 'master' set up to track remote branch 'master' from 'origin'.
On branch master
Your branch is up to date with 'origin/master'.

nothing to commit, working tree clean
Everything up-to-date
Branch 'master' set up to track remote branch 'master' from 'origin'.
On branch master
Your branch is up to date with 'origin/master'.

nothing to commit, working tree clean
Everything up-to-date
Branch 'master' set up to track remote branch 'master' from 'origin'.
On branch master
Your branch is up to date with 'origin/master'.

nothing to commit, working tree clean
Everything up-to-date
Branch 'master' set up to track remote branch 'master' from 'origin'.
On branch master
Your branch is up to date with 'origin/master'.

nothing to commit, working tree clean
Everything up-to-date
Branch 'master' set up to track remote branch 'master' from 'origin'.
On branch master
Your branch is up to date with 'origin/master'.

nothing to commit, working tree clean
Everything up-to-date
Branch 'master' set up to track remote branch 'master' from 'origin'.
On branch master
Your branch is up to date with 'origin/master'.

nothing to commit, working tree clean
Everything up-to-date
Branch 'master' set up to track remote branch 'master' from 'origin'.
On branch master
Your branch is up to date with 'origin/master'.

nothing to commit, working tree clean
Everything up-to-date
Branch 'master' set up to track remote branch 'master' from 'origin'.
On branch master
Your branch is up to date with 'origin/master'.

nothing to commit, working tree clean
Everything up-to-date
Branch 'master' set up to track remote branch 'master' from 'origin'.
On branch master
Your branch is up to date with 'origin/master'.

nothing to commit, working tree clean
Everything up-to-date
Branch 'master' set up to track remote branch 'master' from 'origin'.
On branch master
Your branch is up to date with 'origin/master'.

nothing to commit, working tree clean
Everything up-to-date
Branch 'master' set up to track remote branch 'master' from 'origin'.
On branch master
Your branch is up to date with 'origin/master'.

nothing to commit, working tree clean
Everything up-to-date
Branch 'master' set up to track remote branch 'master' from 'origin'.
On branch master
Your branch is up to date with 'origin/master'.

nothing to commit, working tree clean
Everything up-to-date
Branch 'master' set up to track remote branch 'master' from 'origin'.
On branch master
Your branch is up to date with 'origin/master'.

nothing to commit, working tree clean
Everything up-to-date
Branch 'master' set up to track remote branch 'master' from 'origin'.
On branch master
Your branch is up to date with 'origin/master'.

nothing to commit, working tree clean
Everything up-to-date
Branch 'master' set up to track remote branch 'master' from 'origin'.
On branch master
Your branch is up to date with 'origin/master'.

nothing to commit, working tree clean
Everything up-to-date
Branch 'master' set up to track remote branch 'master' from 'origin'.
On branch master
Your branch is up to date with 'origin/master'.

nothing to commit, working tree clean
Everything up-to-date
Branch 'master' set up to track remote branch 'master' from 'origin'.
On branch master
Your branch is up to date with 'origin/master'.

nothing to commit, working tree clean
Everything up-to-date
Branch 'master' set up to track remote branch 'master' from 'origin'.
On branch master
Your branch is up to date with 'origin/master'.

nothing to commit, working tree clean
Everything up-to-date
Branch 'master' set up to track remote branch 'master' from 'origin'.
On branch master
Your branch is up to date with 'origin/master'.

nothing to commit, working tree clean
Everything up-to-date
Branch 'master' set up to track remote branch 'master' from 'origin'.
On branch master
Your branch is up to date with 'origin/master'.

nothing to commit, working tree clean
Everything up-to-date
Branch 'master' set up to track remote branch 'master' from 'origin'.
On branch master
Your branch is up to date with 'origin/master'.

nothing to commit, working tree clean
Everything up-to-date
Branch 'master' set up to track remote branch 'master' from 'origin'.
On branch master
Your branch is up to date with 'origin/master'.

nothing to commit, working tree clean
Everything up-to-date
Branch 'master' set up to track remote branch 'master' from 'origin'.
On branch master
Your branch is up to date with 'origin/master'.

nothing to commit, working tree clean
Everything up-to-date
Branch 'master' set up to track remote branch 'master' from 'origin'.
On branch master
Your branch is up to date with 'origin/master'.

nothing to commit, working tree clean
Everything up-to-date
Branch 'master' set up to track remote branch 'master' from 'origin'.
On branch master
Your branch is up to date with 'origin/master'.

nothing to commit, working tree clean
Everything up-to-date
Branch 'master' set up to track remote branch 'master' from 'origin'.
On branch master
Your branch is up to date with 'origin/master'.

nothing to commit, working tree clean
Everything up-to-date
Branch 'master' set up to track remote branch 'master' from 'origin'.
On branch master
Your branch is up to date with 'origin/master'.

nothing to commit, working tree clean
Everything up-to-date
Branch 'master' set up to track remote branch 'master' from 'origin'.
On branch master
Your branch is up to date with 'origin/master'.

nothing to commit, working tree clean
Everything up-to-date
Branch 'master' set up to track remote branch 'master' from 'origin'.
On branch master
Your branch is up to date with 'origin/master'.

nothing to commit, working tree clean
Everything up-to-date
Branch 'master' set up to track remote branch 'master' from 'origin'.
On branch master
Your branch is up to date with 'origin/master'.

nothing to commit, working tree clean
Everything up-to-date
Branch 'master' set up to track remote branch 'master' from 'origin'.
On branch master
Your branch is up to date with 'origin/master'.

nothing to commit, working tree clean
Everything up-to-date
Branch 'master' set up to track remote branch 'master' from 'origin'.
On branch master
Your branch is up to date with 'origin/master'.

nothing to commit, working tree clean
Everything up-to-date
Branch 'master' set up to track remote branch 'master' from 'origin'.
On branch master
Your branch is up to date with 'origin/master'.

nothing to commit, working tree clean
Everything up-to-date
Branch 'master' set up to track remote branch 'master' from 'origin'.
On branch master
Your branch is up to date with 'origin/master'.

nothing to commit, working tree clean
Everything up-to-date
Branch 'master' set up to track remote branch 'master' from 'origin'.
On branch master
Your branch is up to date with 'origin/master'.

nothing to commit, working tree clean
Everything up-to-date
Branch 'master' set up to track remote branch 'master' from 'origin'.
On branch master
Your branch is up to date with 'origin/master'.

nothing to commit, working tree clean
Everything up-to-date
Branch 'master' set up to track remote branch 'master' from 'origin'.
On branch master
Your branch is up to date with 'origin/master'.

nothing to commit, working tree clean
Everything up-to-date
Branch 'master' set up to track remote branch 'master' from 'origin'.
On branch master
Your branch is up to date with 'origin/master'.

nothing to commit, working tree clean
Everything up-to-date
Branch 'master' set up to track remote branch 'master' from 'origin'.
On branch master
Your branch is up to date with 'origin/master'.

nothing to commit, working tree clean
Everything up-to-date
Branch 'master' set up to track remote branch 'master' from 'origin'.
On branch master
Your branch is up to date with 'origin/master'.

nothing to commit, working tree clean
Everything up-to-date
Branch 'master' set up to track remote branch 'master' from 'origin'.
On branch master
Your branch is up to date with 'origin/master'.

nothing to commit, working tree clean
Everything up-to-date
Branch 'master' set up to track remote branch 'master' from 'origin'.
On branch master
Your branch is up to date with 'origin/master'.

nothing to commit, working tree clean
Everything up-to-date
Branch 'master' set up to track remote branch 'master' from 'origin'.
On branch master
Your branch is up to date with 'origin/master'.

nothing to commit, working tree clean
Everything up-to-date
Branch 'master' set up to track remote branch 'master' from 'origin'.
On branch master
Your branch is up to date with 'origin/master'.

nothing to commit, working tree clean
Everything up-to-date
Branch 'master' set up to track remote branch 'master' from 'origin'.
On branch master
Your branch is up to date with 'origin/master'.

nothing to commit, working tree clean
Everything up-to-date
Branch 'master' set up to track remote branch 'master' from 'origin'.
On branch master
Your branch is up to date with 'origin/master'.

nothing to commit, working tree clean
Everything up-to-date
Branch 'master' set up to track remote branch 'master' from 'origin'.
On branch master
Your branch is up to date with 'origin/master'.

nothing to commit, working tree clean
Everything up-to-date
Branch 'master' set up to track remote branch 'master' from 'origin'.
On branch master
Your branch is up to date with 'origin/master'.

nothing to commit, working tree clean
Everything up-to-date
Branch 'master' set up to track remote branch 'master' from 'origin'.
On branch master
Your branch is up to date with 'origin/master'.

nothing to commit, working tree clean
Everything up-to-date
Branch 'master' set up to track remote branch 'master' from 'origin'.
On branch master
Your branch is up to date with 'origin/master'.

nothing to commit, working tree clean
Everything up-to-date
Branch 'master' set up to track remote branch 'master' from 'origin'.
On branch master
Your branch is up to date with 'origin/master'.

nothing to commit, working tree clean
Everything up-to-date
Branch 'master' set up to track remote branch 'master' from 'origin'.
On branch master
Your branch is up to date with 'origin/master'.

nothing to commit, working tree clean
Everything up-to-date
Branch 'master' set up to track remote branch 'master' from 'origin'.
On branch master
Your branch is up to date with 'origin/master'.

nothing to commit, working tree clean
Everything up-to-date
Branch 'master' set up to track remote branch 'master' from 'origin'.
On branch master
Your branch is up to date with 'origin/master'.

nothing to commit, working tree clean
Everything up-to-date
Branch 'master' set up to track remote branch 'master' from 'origin'.
On branch master
Your branch is up to date with 'origin/master'.

nothing to commit, working tree clean
Everything up-to-date
Branch 'master' set up to track remote branch 'master' from 'origin'.
On branch master
Your branch is up to date with 'origin/master'.

nothing to commit, working tree clean
Everything up-to-date
Branch 'master' set up to track remote branch 'master' from 'origin'.
On branch master
Your branch is up to date with 'origin/master'.

nothing to commit, working tree clean
Everything up-to-date
Branch 'master' set up to track remote branch 'master' from 'origin'.
On branch master
Your branch is up to date with 'origin/master'.

nothing to commit, working tree clean
Everything up-to-date
Branch 'master' set up to track remote branch 'master' from 'origin'.
On branch master
Your branch is ahead of 'origin/master' by 1 commit.
  (use "git push" to publish your local commits)

nothing to commit, working tree clean
remote: Powered by [01;33mGITEE.COM [0m[[01;35mGNK-5.0[0m][0m        
To https://gitee.com/luskyqi/python-every-day.git
   1de97c9..6041464  master -> master
Branch 'master' set up to track remote branch 'master' from 'origin'.
[master 0c7cb52] Thu Feb 25 01:06:00 2021
 1 file changed, 9 insertions(+)
remote: Powered by [01;33mGITEE.COM [0m[[01;35mGNK-5.0[0m][0m        
To https://gitee.com/luskyqi/python-every-day.git
   6041464..0c7cb52  master -> master
Branch 'master' set up to track remote branch 'master' from 'origin'.
On branch master
Your branch is up to date with 'origin/master'.

nothing to commit, working tree clean
Everything up-to-date
Branch 'master' set up to track remote branch 'master' from 'origin'.
On branch master
Your branch is up to date with 'origin/master'.

nothing to commit, working tree clean
Everything up-to-date
Branch 'master' set up to track remote branch 'master' from 'origin'.
On branch master
Your branch is up to date with 'origin/master'.

nothing to commit, working tree clean
Everything up-to-date
Branch 'master' set up to track remote branch 'master' from 'origin'.
On branch master
Your branch is up to date with 'origin/master'.

nothing to commit, working tree clean
Everything up-to-date
Branch 'master' set up to track remote branch 'master' from 'origin'.
On branch master
Your branch is up to date with 'origin/master'.

nothing to commit, working tree clean
Everything up-to-date
Branch 'master' set up to track remote branch 'master' from 'origin'.
On branch master
Your branch is up to date with 'origin/master'.

nothing to commit, working tree clean
Everything up-to-date
Branch 'master' set up to track remote branch 'master' from 'origin'.
On branch master
Your branch is up to date with 'origin/master'.

nothing to commit, working tree clean
Everything up-to-date
Branch 'master' set up to track remote branch 'master' from 'origin'.
On branch master
Your branch is up to date with 'origin/master'.

nothing to commit, working tree clean
Everything up-to-date
Branch 'master' set up to track remote branch 'master' from 'origin'.
On branch master
Your branch is up to date with 'origin/master'.

nothing to commit, working tree clean
Everything up-to-date
Branch 'master' set up to track remote branch 'master' from 'origin'.
On branch master
Your branch is up to date with 'origin/master'.

nothing to commit, working tree clean
Everything up-to-date
Branch 'master' set up to track remote branch 'master' from 'origin'.
On branch master
Your branch is up to date with 'origin/master'.

nothing to commit, working tree clean
Everything up-to-date
Branch 'master' set up to track remote branch 'master' from 'origin'.
On branch master
Your branch is up to date with 'origin/master'.

nothing to commit, working tree clean
Everything up-to-date
Branch 'master' set up to track remote branch 'master' from 'origin'.
On branch master
Your branch is up to date with 'origin/master'.

nothing to commit, working tree clean
Everything up-to-date
Branch 'master' set up to track remote branch 'master' from 'origin'.
On branch master
Your branch is up to date with 'origin/master'.

nothing to commit, working tree clean
Everything up-to-date
Branch 'master' set up to track remote branch 'master' from 'origin'.
On branch master
Your branch is up to date with 'origin/master'.

nothing to commit, working tree clean
Everything up-to-date
Branch 'master' set up to track remote branch 'master' from 'origin'.
On branch master
Your branch is up to date with 'origin/master'.

nothing to commit, working tree clean
Everything up-to-date
Branch 'master' set up to track remote branch 'master' from 'origin'.
On branch master
Your branch is up to date with 'origin/master'.

nothing to commit, working tree clean
Everything up-to-date
Branch 'master' set up to track remote branch 'master' from 'origin'.
On branch master
Your branch is up to date with 'origin/master'.

nothing to commit, working tree clean
Everything up-to-date
Branch 'master' set up to track remote branch 'master' from 'origin'.
On branch master
Your branch is up to date with 'origin/master'.

nothing to commit, working tree clean
Everything up-to-date
Branch 'master' set up to track remote branch 'master' from 'origin'.
On branch master
Your branch is up to date with 'origin/master'.

nothing to commit, working tree clean
Everything up-to-date
Branch 'master' set up to track remote branch 'master' from 'origin'.
On branch master
Your branch is up to date with 'origin/master'.

nothing to commit, working tree clean
Everything up-to-date
Branch 'master' set up to track remote branch 'master' from 'origin'.
On branch master
Your branch is up to date with 'origin/master'.

nothing to commit, working tree clean
Everything up-to-date
Branch 'master' set up to track remote branch 'master' from 'origin'.
On branch master
Your branch is up to date with 'origin/master'.

nothing to commit, working tree clean
Everything up-to-date
Branch 'master' set up to track remote branch 'master' from 'origin'.
On branch master
Your branch is up to date with 'origin/master'.

nothing to commit, working tree clean
Everything up-to-date
Branch 'master' set up to track remote branch 'master' from 'origin'.
On branch master
Your branch is up to date with 'origin/master'.

nothing to commit, working tree clean
Everything up-to-date
Branch 'master' set up to track remote branch 'master' from 'origin'.
On branch master
Your branch is up to date with 'origin/master'.

nothing to commit, working tree clean
Everything up-to-date
Branch 'master' set up to track remote branch 'master' from 'origin'.
On branch master
Your branch is up to date with 'origin/master'.

nothing to commit, working tree clean
Everything up-to-date
Branch 'master' set up to track remote branch 'master' from 'origin'.
On branch master
Your branch is up to date with 'origin/master'.

nothing to commit, working tree clean
Everything up-to-date
Branch 'master' set up to track remote branch 'master' from 'origin'.
On branch master
Your branch is up to date with 'origin/master'.

nothing to commit, working tree clean
Everything up-to-date
Branch 'master' set up to track remote branch 'master' from 'origin'.
On branch master
Your branch is up to date with 'origin/master'.

nothing to commit, working tree clean
Everything up-to-date
Branch 'master' set up to track remote branch 'master' from 'origin'.
On branch master
Your branch is up to date with 'origin/master'.

nothing to commit, working tree clean
Everything up-to-date
Branch 'master' set up to track remote branch 'master' from 'origin'.
On branch master
Your branch is up to date with 'origin/master'.

nothing to commit, working tree clean
Everything up-to-date
Branch 'master' set up to track remote branch 'master' from 'origin'.
On branch master
Your branch is up to date with 'origin/master'.

nothing to commit, working tree clean
Everything up-to-date
Branch 'master' set up to track remote branch 'master' from 'origin'.
On branch master
Your branch is up to date with 'origin/master'.

nothing to commit, working tree clean
Everything up-to-date
Branch 'master' set up to track remote branch 'master' from 'origin'.
On branch master
Your branch is up to date with 'origin/master'.

nothing to commit, working tree clean
Everything up-to-date
Branch 'master' set up to track remote branch 'master' from 'origin'.
On branch master
Your branch is up to date with 'origin/master'.

nothing to commit, working tree clean
Everything up-to-date
Branch 'master' set up to track remote branch 'master' from 'origin'.
On branch master
Your branch is up to date with 'origin/master'.

nothing to commit, working tree clean
Everything up-to-date
Branch 'master' set up to track remote branch 'master' from 'origin'.
On branch master
Your branch is up to date with 'origin/master'.

nothing to commit, working tree clean
Everything up-to-date
Branch 'master' set up to track remote branch 'master' from 'origin'.
On branch master
Your branch is up to date with 'origin/master'.

nothing to commit, working tree clean
Everything up-to-date
Branch 'master' set up to track remote branch 'master' from 'origin'.
On branch master
Your branch is up to date with 'origin/master'.

nothing to commit, working tree clean
Everything up-to-date
Branch 'master' set up to track remote branch 'master' from 'origin'.
On branch master
Your branch is up to date with 'origin/master'.

nothing to commit, working tree clean
Everything up-to-date
Branch 'master' set up to track remote branch 'master' from 'origin'.
On branch master
Your branch is up to date with 'origin/master'.

nothing to commit, working tree clean
Everything up-to-date
Branch 'master' set up to track remote branch 'master' from 'origin'.
On branch master
Your branch is up to date with 'origin/master'.

nothing to commit, working tree clean
Everything up-to-date
Branch 'master' set up to track remote branch 'master' from 'origin'.
On branch master
Your branch is up to date with 'origin/master'.

nothing to commit, working tree clean
Everything up-to-date
Branch 'master' set up to track remote branch 'master' from 'origin'.
On branch master
Your branch is up to date with 'origin/master'.

nothing to commit, working tree clean
Everything up-to-date
Branch 'master' set up to track remote branch 'master' from 'origin'.
On branch master
Your branch is up to date with 'origin/master'.

nothing to commit, working tree clean
Everything up-to-date
Branch 'master' set up to track remote branch 'master' from 'origin'.
On branch master
Your branch is up to date with 'origin/master'.

nothing to commit, working tree clean
Everything up-to-date
Branch 'master' set up to track remote branch 'master' from 'origin'.
On branch master
Your branch is up to date with 'origin/master'.

nothing to commit, working tree clean
Everything up-to-date
Branch 'master' set up to track remote branch 'master' from 'origin'.
On branch master
Your branch is up to date with 'origin/master'.

nothing to commit, working tree clean
Everything up-to-date
Branch 'master' set up to track remote branch 'master' from 'origin'.
On branch master
Your branch is up to date with 'origin/master'.

nothing to commit, working tree clean
Everything up-to-date
Branch 'master' set up to track remote branch 'master' from 'origin'.
On branch master
Your branch is up to date with 'origin/master'.

nothing to commit, working tree clean
Everything up-to-date
Branch 'master' set up to track remote branch 'master' from 'origin'.
On branch master
Your branch is up to date with 'origin/master'.

nothing to commit, working tree clean
Everything up-to-date
Branch 'master' set up to track remote branch 'master' from 'origin'.
On branch master
Your branch is up to date with 'origin/master'.

nothing to commit, working tree clean
Everything up-to-date
Branch 'master' set up to track remote branch 'master' from 'origin'.
On branch master
Your branch is up to date with 'origin/master'.

nothing to commit, working tree clean
Everything up-to-date
Branch 'master' set up to track remote branch 'master' from 'origin'.
On branch master
Your branch is up to date with 'origin/master'.

nothing to commit, working tree clean
Everything up-to-date
Branch 'master' set up to track remote branch 'master' from 'origin'.
On branch master
Your branch is up to date with 'origin/master'.

nothing to commit, working tree clean
Everything up-to-date
Branch 'master' set up to track remote branch 'master' from 'origin'.
On branch master
Your branch is up to date with 'origin/master'.

nothing to commit, working tree clean
Everything up-to-date
Branch 'master' set up to track remote branch 'master' from 'origin'.
[master b019d4f] Thu Feb 25 21:48:56 2021
 2 files changed, 117 insertions(+)
 create mode 100644 "Python\346\257\217\346\227\245\344\270\200\350\260\210\357\275\234No.6.md"
remote: Powered by [01;33mGITEE.COM [0m[[01;35mGNK-5.0[0m][0m        
To https://gitee.com/luskyqi/python-every-day.git
   d5011c7..b019d4f  master -> master
Branch 'master' set up to track remote branch 'master' from 'origin'.
On branch master
Your branch is up to date with 'origin/master'.

nothing to commit, working tree clean
Everything up-to-date
Branch 'master' set up to track remote branch 'master' from 'origin'.
On branch master
Your branch is up to date with 'origin/master'.

nothing to commit, working tree clean
Everything up-to-date
Branch 'master' set up to track remote branch 'master' from 'origin'.
On branch master
Your branch is up to date with 'origin/master'.

nothing to commit, working tree clean
Everything up-to-date
Branch 'master' set up to track remote branch 'master' from 'origin'.
On branch master
Your branch is up to date with 'origin/master'.

nothing to commit, working tree clean
Everything up-to-date
Branch 'master' set up to track remote branch 'master' from 'origin'.
On branch master
Your branch is up to date with 'origin/master'.

nothing to commit, working tree clean
Everything up-to-date
Branch 'master' set up to track remote branch 'master' from 'origin'.
On branch master
Your branch is up to date with 'origin/master'.

nothing to commit, working tree clean
Everything up-to-date
Branch 'master' set up to track remote branch 'master' from 'origin'.
On branch master
Your branch is up to date with 'origin/master'.

nothing to commit, working tree clean
Everything up-to-date
Branch 'master' set up to track remote branch 'master' from 'origin'.
On branch master
Your branch is up to date with 'origin/master'.

nothing to commit, working tree clean
Everything up-to-date
Branch 'master' set up to track remote branch 'master' from 'origin'.
On branch master
Your branch is up to date with 'origin/master'.

nothing to commit, working tree clean
Everything up-to-date
Branch 'master' set up to track remote branch 'master' from 'origin'.
On branch master
Your branch is up to date with 'origin/master'.

nothing to commit, working tree clean
Everything up-to-date
Branch 'master' set up to track remote branch 'master' from 'origin'.
On branch master
Your branch is up to date with 'origin/master'.

nothing to commit, working tree clean
Everything up-to-date
Branch 'master' set up to track remote branch 'master' from 'origin'.
On branch master
Your branch is up to date with 'origin/master'.

nothing to commit, working tree clean
Everything up-to-date
Branch 'master' set up to track remote branch 'master' from 'origin'.
On branch master
Your branch is up to date with 'origin/master'.

nothing to commit, working tree clean
Everything up-to-date
Branch 'master' set up to track remote branch 'master' from 'origin'.
On branch master
Your branch is up to date with 'origin/master'.

nothing to commit, working tree clean
Everything up-to-date
Branch 'master' set up to track remote branch 'master' from 'origin'.
On branch master
Your branch is up to date with 'origin/master'.

nothing to commit, working tree clean
Everything up-to-date
Branch 'master' set up to track remote branch 'master' from 'origin'.
On branch master
Your branch is up to date with 'origin/master'.

nothing to commit, working tree clean
Everything up-to-date
Branch 'master' set up to track remote branch 'master' from 'origin'.
On branch master
Your branch is up to date with 'origin/master'.

nothing to commit, working tree clean
Everything up-to-date
Branch 'master' set up to track remote branch 'master' from 'origin'.
On branch master
Your branch is up to date with 'origin/master'.

nothing to commit, working tree clean
Everything up-to-date
Branch 'master' set up to track remote branch 'master' from 'origin'.
On branch master
Your branch is up to date with 'origin/master'.

nothing to commit, working tree clean
Everything up-to-date
Branch 'master' set up to track remote branch 'master' from 'origin'.
On branch master
Your branch is up to date with 'origin/master'.

nothing to commit, working tree clean
Everything up-to-date
Branch 'master' set up to track remote branch 'master' from 'origin'.
On branch master
Your branch is up to date with 'origin/master'.

nothing to commit, working tree clean
Everything up-to-date
Branch 'master' set up to track remote branch 'master' from 'origin'.
On branch master
Your branch is up to date with 'origin/master'.

nothing to commit, working tree clean
Everything up-to-date
Branch 'master' set up to track remote branch 'master' from 'origin'.
On branch master
Your branch is up to date with 'origin/master'.

nothing to commit, working tree clean
Everything up-to-date
Branch 'master' set up to track remote branch 'master' from 'origin'.
On branch master
Your branch is up to date with 'origin/master'.

nothing to commit, working tree clean
Everything up-to-date
Branch 'master' set up to track remote branch 'master' from 'origin'.
On branch master
Your branch is up to date with 'origin/master'.

nothing to commit, working tree clean
Everything up-to-date
Branch 'master' set up to track remote branch 'master' from 'origin'.
On branch master
Your branch is up to date with 'origin/master'.

nothing to commit, working tree clean
Everything up-to-date
Branch 'master' set up to track remote branch 'master' from 'origin'.
On branch master
Your branch is up to date with 'origin/master'.

nothing to commit, working tree clean
Everything up-to-date
Branch 'master' set up to track remote branch 'master' from 'origin'.
On branch master
Your branch is up to date with 'origin/master'.

nothing to commit, working tree clean
Everything up-to-date
Branch 'master' set up to track remote branch 'master' from 'origin'.
On branch master
Your branch is up to date with 'origin/master'.

nothing to commit, working tree clean
Everything up-to-date
Branch 'master' set up to track remote branch 'master' from 'origin'.
On branch master
Your branch is up to date with 'origin/master'.

nothing to commit, working tree clean
Everything up-to-date
Branch 'master' set up to track remote branch 'master' from 'origin'.
On branch master
Your branch is up to date with 'origin/master'.

nothing to commit, working tree clean
Everything up-to-date
Branch 'master' set up to track remote branch 'master' from 'origin'.
On branch master
Your branch is up to date with 'origin/master'.

nothing to commit, working tree clean
Everything up-to-date
Branch 'master' set up to track remote branch 'master' from 'origin'.
On branch master
Your branch is up to date with 'origin/master'.

nothing to commit, working tree clean
Everything up-to-date
Branch 'master' set up to track remote branch 'master' from 'origin'.
On branch master
Your branch is up to date with 'origin/master'.

nothing to commit, working tree clean
Everything up-to-date
Branch 'master' set up to track remote branch 'master' from 'origin'.
On branch master
Your branch is up to date with 'origin/master'.

nothing to commit, working tree clean
Everything up-to-date
Branch 'master' set up to track remote branch 'master' from 'origin'.
On branch master
Your branch is up to date with 'origin/master'.

nothing to commit, working tree clean
Everything up-to-date
Branch 'master' set up to track remote branch 'master' from 'origin'.
On branch master
Your branch is up to date with 'origin/master'.

nothing to commit, working tree clean
Everything up-to-date
Branch 'master' set up to track remote branch 'master' from 'origin'.
On branch master
Your branch is up to date with 'origin/master'.

nothing to commit, working tree clean
Everything up-to-date
Branch 'master' set up to track remote branch 'master' from 'origin'.
On branch master
Your branch is up to date with 'origin/master'.

nothing to commit, working tree clean
Everything up-to-date
Branch 'master' set up to track remote branch 'master' from 'origin'.
On branch master
Your branch is up to date with 'origin/master'.

nothing to commit, working tree clean
Everything up-to-date
Branch 'master' set up to track remote branch 'master' from 'origin'.
On branch master
Your branch is up to date with 'origin/master'.

nothing to commit, working tree clean
Everything up-to-date
Branch 'master' set up to track remote branch 'master' from 'origin'.
On branch master
Your branch is up to date with 'origin/master'.

nothing to commit, working tree clean
Everything up-to-date
Branch 'master' set up to track remote branch 'master' from 'origin'.
On branch master
Your branch is up to date with 'origin/master'.

nothing to commit, working tree clean
Everything up-to-date
Branch 'master' set up to track remote branch 'master' from 'origin'.
On branch master
Your branch is up to date with 'origin/master'.

nothing to commit, working tree clean
Everything up-to-date
Branch 'master' set up to track remote branch 'master' from 'origin'.
On branch master
Your branch is up to date with 'origin/master'.

nothing to commit, working tree clean
Everything up-to-date
Branch 'master' set up to track remote branch 'master' from 'origin'.
On branch master
Your branch is up to date with 'origin/master'.

nothing to commit, working tree clean
Everything up-to-date
Branch 'master' set up to track remote branch 'master' from 'origin'.
On branch master
Your branch is up to date with 'origin/master'.

nothing to commit, working tree clean
Everything up-to-date
Branch 'master' set up to track remote branch 'master' from 'origin'.
On branch master
Your branch is up to date with 'origin/master'.

nothing to commit, working tree clean
Everything up-to-date
Branch 'master' set up to track remote branch 'master' from 'origin'.
On branch master
Your branch is up to date with 'origin/master'.

nothing to commit, working tree clean
Everything up-to-date
Branch 'master' set up to track remote branch 'master' from 'origin'.
On branch master
Your branch is up to date with 'origin/master'.

nothing to commit, working tree clean
Everything up-to-date
Branch 'master' set up to track remote branch 'master' from 'origin'.
On branch master
Your branch is up to date with 'origin/master'.

nothing to commit, working tree clean
Everything up-to-date
Branch 'master' set up to track remote branch 'master' from 'origin'.
On branch master
Your branch is up to date with 'origin/master'.

nothing to commit, working tree clean
Everything up-to-date
Branch 'master' set up to track remote branch 'master' from 'origin'.
On branch master
Your branch is up to date with 'origin/master'.

nothing to commit, working tree clean
Everything up-to-date
Branch 'master' set up to track remote branch 'master' from 'origin'.
On branch master
Your branch is up to date with 'origin/master'.

nothing to commit, working tree clean
Everything up-to-date
Branch 'master' set up to track remote branch 'master' from 'origin'.
On branch master
Your branch is up to date with 'origin/master'.

nothing to commit, working tree clean
Everything up-to-date
Branch 'master' set up to track remote branch 'master' from 'origin'.
On branch master
Your branch is up to date with 'origin/master'.

nothing to commit, working tree clean
Everything up-to-date
Branch 'master' set up to track remote branch 'master' from 'origin'.
On branch master
Your branch is up to date with 'origin/master'.

nothing to commit, working tree clean
Everything up-to-date
Branch 'master' set up to track remote branch 'master' from 'origin'.
On branch master
Your branch is up to date with 'origin/master'.

nothing to commit, working tree clean
Everything up-to-date
Branch 'master' set up to track remote branch 'master' from 'origin'.
On branch master
Your branch is up to date with 'origin/master'.

nothing to commit, working tree clean
Everything up-to-date
Branch 'master' set up to track remote branch 'master' from 'origin'.
On branch master
Your branch is up to date with 'origin/master'.

nothing to commit, working tree clean
Everything up-to-date
Branch 'master' set up to track remote branch 'master' from 'origin'.
On branch master
Your branch is up to date with 'origin/master'.

nothing to commit, working tree clean
Everything up-to-date
Branch 'master' set up to track remote branch 'master' from 'origin'.
On branch master
Your branch is up to date with 'origin/master'.

nothing to commit, working tree clean
Everything up-to-date
Branch 'master' set up to track remote branch 'master' from 'origin'.
On branch master
Your branch is up to date with 'origin/master'.

nothing to commit, working tree clean
Everything up-to-date
Branch 'master' set up to track remote branch 'master' from 'origin'.
On branch master
Your branch is up to date with 'origin/master'.

nothing to commit, working tree clean
Everything up-to-date
Branch 'master' set up to track remote branch 'master' from 'origin'.
On branch master
Your branch is up to date with 'origin/master'.

nothing to commit, working tree clean
Everything up-to-date
Branch 'master' set up to track remote branch 'master' from 'origin'.
On branch master
Your branch is up to date with 'origin/master'.

nothing to commit, working tree clean
Everything up-to-date
Branch 'master' set up to track remote branch 'master' from 'origin'.
On branch master
Your branch is up to date with 'origin/master'.

nothing to commit, working tree clean
Everything up-to-date
Branch 'master' set up to track remote branch 'master' from 'origin'.
On branch master
Your branch is up to date with 'origin/master'.

nothing to commit, working tree clean
Everything up-to-date
Branch 'master' set up to track remote branch 'master' from 'origin'.
On branch master
Your branch is up to date with 'origin/master'.

nothing to commit, working tree clean
Everything up-to-date
Branch 'master' set up to track remote branch 'master' from 'origin'.
On branch master
Your branch is up to date with 'origin/master'.

nothing to commit, working tree clean
fatal: unable to access 'https://gitee.com/luskyqi/python-every-day.git/': Could not resolve host: gitee.com
[master 268ec57] Fri Feb 26 22:54:37 2021
 1 file changed, 3 insertions(+)
 create mode 100644 "Python\346\257\217\346\227\245\344\270\200\350\260\210\357\275\234No.7.md"
fatal: unable to access 'https://gitee.com/luskyqi/python-every-day.git/': Could not resolve host: gitee.com
On branch master
Your branch is ahead of 'origin/master' by 3 commits.
  (use "git push" to publish your local commits)

nothing to commit, working tree clean
remote: Powered by [01;33mGITEE.COM [0m[[01;35mGNK-5.0[0m][0m        
To https://gitee.com/luskyqi/python-every-day.git
   cd27710..37156b7  master -> master
Branch 'master' set up to track remote branch 'master' from 'origin'.
On branch master
Your branch is up to date with 'origin/master'.

nothing to commit, working tree clean
Everything up-to-date
Branch 'master' set up to track remote branch 'master' from 'origin'.
On branch master
Your branch is up to date with 'origin/master'.

nothing to commit, working tree clean
Everything up-to-date
Branch 'master' set up to track remote branch 'master' from 'origin'.
On branch master
Your branch is up to date with 'origin/master'.

nothing to commit, working tree clean
Everything up-to-date
Branch 'master' set up to track remote branch 'master' from 'origin'.
On branch master
Your branch is up to date with 'origin/master'.

nothing to commit, working tree clean
Everything up-to-date
Branch 'master' set up to track remote branch 'master' from 'origin'.
On branch master
Your branch is up to date with 'origin/master'.

nothing to commit, working tree clean
Everything up-to-date
Branch 'master' set up to track remote branch 'master' from 'origin'.
On branch master
Your branch is up to date with 'origin/master'.

nothing to commit, working tree clean
Everything up-to-date
Branch 'master' set up to track remote branch 'master' from 'origin'.
On branch master
Your branch is up to date with 'origin/master'.

nothing to commit, working tree clean
Everything up-to-date
Branch 'master' set up to track remote branch 'master' from 'origin'.
On branch master
Your branch is up to date with 'origin/master'.

nothing to commit, working tree clean
Everything up-to-date
Branch 'master' set up to track remote branch 'master' from 'origin'.
On branch master
Your branch is up to date with 'origin/master'.

nothing to commit, working tree clean
Everything up-to-date
Branch 'master' set up to track remote branch 'master' from 'origin'.
On branch master
Your branch is up to date with 'origin/master'.

nothing to commit, working tree clean
Everything up-to-date
Branch 'master' set up to track remote branch 'master' from 'origin'.
On branch master
Your branch is up to date with 'origin/master'.

nothing to commit, working tree clean
Everything up-to-date
Branch 'master' set up to track remote branch 'master' from 'origin'.
On branch master
Your branch is up to date with 'origin/master'.

nothing to commit, working tree clean
Everything up-to-date
Branch 'master' set up to track remote branch 'master' from 'origin'.
[master 479db44] Sat Feb 27 19:54:28 2021
 1 file changed, 2 insertions(+)
remote: Powered by [01;33mGITEE.COM [0m[[01;35mGNK-5.0[0m][0m        
To https://gitee.com/luskyqi/python-every-day.git
   cdde911..479db44  master -> master
Branch 'master' set up to track remote branch 'master' from 'origin'.
[master 1f88dab] Sat Feb 27 20:04:29 2021
 1 file changed, 4 insertions(+)
remote: Powered by [01;33mGITEE.COM [0m[[01;35mGNK-5.0[0m][0m        
remote: error: cannot lock ref 'refs/heads/master': is at 36c8e51239c7a13a68ba230e4ea3b5f11e3a38d5 but expected b171d03bf308d58e83e081247461740c9b15672c        
To https://gitee.com/luskyqi/python-every-day.git
 ! [remote rejected] master -> master (failed to update ref)
error: failed to push some refs to 'https://gitee.com/luskyqi/python-every-day.git'
fatal: Unable to create '/Users/sujiaqi/Desktop/Github/python-every-day/.git/index.lock': File exists.

Another git process seems to be running in this repository, e.g.
an editor opened by 'git commit'. Please make sure all processes
are terminated then try again. If it still fails, a git process
may have crashed in this repository earlier:
remove the file manually to continue.
[master 91b70e8] Sat Feb 27 20:14:30 2021
 1 file changed, 12 insertions(+)
remote: Powered by [01;33mGITEE.COM [0m[[01;35mGNK-5.0[0m][0m        
remote: error: cannot lock ref 'refs/heads/master': is at 91b70e84468b74d05ab334ecdd8e8ee3d35dd8d9 but expected 36c8e51239c7a13a68ba230e4ea3b5f11e3a38d5        
To https://gitee.com/luskyqi/python-every-day.git
 ! [remote rejected] master -> master (failed to update ref)
error: failed to push some refs to 'https://gitee.com/luskyqi/python-every-day.git'
[master 32ef367] Sat Feb 27 20:24:30 2021
 1 file changed, 7 insertions(+)
remote: Powered by [01;33mGITEE.COM [0m[[01;35mGNK-5.0[0m][0m        
remote: error: cannot lock ref 'refs/heads/master': is at 32ef36778b8208e66955ee44eb8141072063057a but expected 91b70e84468b74d05ab334ecdd8e8ee3d35dd8d9        
To https://gitee.com/luskyqi/python-every-day.git
 ! [remote rejected] master -> master (failed to update ref)
error: failed to push some refs to 'https://gitee.com/luskyqi/python-every-day.git'
fatal: Unable to create '/Users/sujiaqi/Desktop/Github/python-every-day/.git/index.lock': File exists.

Another git process seems to be running in this repository, e.g.
an editor opened by 'git commit'. Please make sure all processes
are terminated then try again. If it still fails, a git process
may have crashed in this repository earlier:
remove the file manually to continue.
[master ddc3be0] Sat Feb 27 20:34:31 2021
 1 file changed, 14 insertions(+)
remote: Powered by [01;33mGITEE.COM [0m[[01;35mGNK-5.0[0m][0m        
remote: error: cannot lock ref 'refs/heads/master': is at ddc3be0bfe30e0bcb88a6429ab66e09a0a2adc41 but expected 32ef36778b8208e66955ee44eb8141072063057a        
To https://gitee.com/luskyqi/python-every-day.git
 ! [remote rejected] master -> master (failed to update ref)
error: failed to push some refs to 'https://gitee.com/luskyqi/python-every-day.git'
[master d8819f5] Sat Feb 27 20:44:32 2021
 1 file changed, 7 insertions(+)
remote: Powered by [01;33mGITEE.COM [0m[[01;35mGNK-5.0[0m][0m        
remote: QENV: [31mdircalculate: opendir() failed[0m        
remote: error: cannot lock ref 'refs/heads/master': is at d8819f592292ad8e6bb664a20886b2db97c66186 but expected ddc3be0bfe30e0bcb88a6429ab66e09a0a2adc41        
To https://gitee.com/luskyqi/python-every-day.git
 ! [remote rejected] master -> master (failed to update ref)
error: failed to push some refs to 'https://gitee.com/luskyqi/python-every-day.git'
fatal: cannot lock ref 'HEAD': is at 0e4dbdb954fb15a67b9e2217f7e3d5b2220f3d68 but expected d8819f592292ad8e6bb664a20886b2db97c66186
remote: Powered by [01;33mGITEE.COM [0m[[01;35mGNK-5.0[0m][0m        
To https://gitee.com/luskyqi/python-every-day.git
   d8819f5..0e4dbdb  master -> master
Branch 'master' set up to track remote branch 'master' from 'origin'.
On branch master
Your branch is ahead of 'origin/master' by 1 commit.
  (use "git push" to publish your local commits)

nothing to commit, working tree clean
remote: Powered by [01;33mGITEE.COM [0m[[01;35mGNK-5.0[0m][0m        
To https://gitee.com/luskyqi/python-every-day.git
   0e4dbdb..c55a232  master -> master
Branch 'master' set up to track remote branch 'master' from 'origin'.
fatal: cannot lock ref 'HEAD': is at 196f91a06ce162eacf662669f7ffc250f21d695e but expected c55a23265504780210feb91e535eee08f08aa4e9
remote: Powered by [01;33mGITEE.COM [0m[[01;35mGNK-5.0[0m][0m        
To https://gitee.com/luskyqi/python-every-day.git
   c55a232..196f91a  master -> master
Branch 'master' set up to track remote branch 'master' from 'origin'.
fatal: cannot lock ref 'HEAD': is at bca4a0c76fb75f55a807c3e2f5f88605ccef6bb6 but expected 196f91a06ce162eacf662669f7ffc250f21d695e
remote: Powered by [01;33mGITEE.COM [0m[[01;35mGNK-5.0[0m][0m        
remote: QENV: [31mdircalculate: opendir() failed[0m        
remote: error: cannot lock ref 'refs/heads/master': is at bca4a0c76fb75f55a807c3e2f5f88605ccef6bb6 but expected 196f91a06ce162eacf662669f7ffc250f21d695e        
To https://gitee.com/luskyqi/python-every-day.git
 ! [remote rejected] master -> master (failed to update ref)
error: failed to push some refs to 'https://gitee.com/luskyqi/python-every-day.git'
fatal: cannot lock ref 'HEAD': is at 6451933891f836428151f45a7bd42d4ffc0a9d20 but expected bca4a0c76fb75f55a807c3e2f5f88605ccef6bb6
remote: Powered by [01;33mGITEE.COM [0m[[01;35mGNK-5.0[0m][0m        
remote: error: cannot lock ref 'refs/heads/master': is at 6451933891f836428151f45a7bd42d4ffc0a9d20 but expected bca4a0c76fb75f55a807c3e2f5f88605ccef6bb6        
To https://gitee.com/luskyqi/python-every-day.git
 ! [remote rejected] master -> master (failed to update ref)
error: failed to push some refs to 'https://gitee.com/luskyqi/python-every-day.git'
fatal: Unable to create '/Users/sujiaqi/Desktop/Github/python-every-day/.git/index.lock': File exists.

Another git process seems to be running in this repository, e.g.
an editor opened by 'git commit'. Please make sure all processes
are terminated then try again. If it still fails, a git process
may have crashed in this repository earlier:
remove the file manually to continue.
[master 91bc06a] Sat Feb 27 21:44:37 2021
 1 file changed, 13 insertions(+)
remote: Powered by [01;33mGITEE.COM [0m[[01;35mGNK-5.0[0m][0m        
To https://gitee.com/luskyqi/python-every-day.git
   6451933..91bc06a  master -> master
Branch 'master' set up to track remote branch 'master' from 'origin'.
fatal: cannot lock ref 'HEAD': is at 9a0c873e83e976d2244e343957877340edd484f1 but expected 91bc06aec7fbcae3839c21cadfbff7fca9fff651
remote: Powered by [01;33mGITEE.COM [0m[[01;35mGNK-5.0[0m][0m        
remote: error: cannot lock ref 'refs/heads/master': is at 9a0c873e83e976d2244e343957877340edd484f1 but expected 91bc06aec7fbcae3839c21cadfbff7fca9fff651        
To https://gitee.com/luskyqi/python-every-day.git
 ! [remote rejected] master -> master (failed to update ref)
error: failed to push some refs to 'https://gitee.com/luskyqi/python-every-day.git'
fatal: Unable to create '/Users/sujiaqi/Desktop/Github/python-every-day/.git/index.lock': File exists.

Another git process seems to be running in this repository, e.g.
an editor opened by 'git commit'. Please make sure all processes
are terminated then try again. If it still fails, a git process
may have crashed in this repository earlier:
remove the file manually to continue.
